# JRE version: Java(TM) SE Runtime Environment (7.0_80-b15) (build 1.7.0_80-b15)
# Java VM: Java HotSpot(TM) 64-Bit Server VM (24.80-b11 mixed mode linux-amd64 compressed oops)
Heap
 PSYoungGen      total 66560K, used 52046K [0x00000000d7f00000, 0x00000000dc500000, 0x0000000100000000)
  eden space 61440K, 76% used [0x00000000d7f00000,0x00000000dacd7650,0x00000000dbb00000)
  from space 5120K, 99% used [0x00000000dc000000,0x00000000dc4fc260,0x00000000dc500000)
  to   space 5120K, 0% used [0x00000000dbb00000,0x00000000dbb00000,0x00000000dc000000)
 ParOldGen       total 81920K, used 10135K [0x0000000087e00000, 0x000000008ce00000, 0x00000000d7f00000)
  object space 81920K, 12% used [0x0000000087e00000,0x00000000887e5d28,0x000000008ce00000)
 PSPermGen       total 21504K, used 19498K [0x0000000082c00000, 0x0000000084100000, 0x0000000087e00000)
  object space 21504K, 90% used [0x0000000082c00000,0x0000000083f0abb0,0x0000000084100000)
GC Heap History (8 events):
Event: 1.386 GC heap before
{Heap before GC invocations=1 (full 0):
 PSYoungGen      total 35840K, used 30720K [0x00000000d7f00000, 0x00000000da700000, 0x0000000100000000)
  eden space 30720K, 100% used [0x00000000d7f00000,0x00000000d9d00000,0x00000000d9d00000)
  from space 5120K, 0% used [0x00000000da200000,0x00000000da200000,0x00000000da700000)
  to   space 5120K, 0% used [0x00000000d9d00000,0x00000000d9d00000,0x00000000da200000)
 ParOldGen       total 81920K, used 0K [0x0000000087e00000, 0x000000008ce00000, 0x00000000d7f00000)
  object space 81920K, 0% used [0x0000000087e00000,0x0000000087e00000,0x000000008ce00000)
 PSPermGen       total 21504K, used 10861K [0x0000000082c00000, 0x0000000084100000, 0x0000000087e00000)
  object space 21504K, 50% used [0x0000000082c00000,0x000000008369b490,0x0000000084100000)
Event: 1.392 GC heap after
Heap after GC invocations=1 (full 0):
 PSYoungGen      total 35840K, used 5095K [0x00000000d7f00000, 0x00000000da700000, 0x0000000100000000)
  eden space 30720K, 0% used [0x00000000d7f00000,0x00000000d7f00000,0x00000000d9d00000)
  from space 5120K, 99% used [0x00000000d9d00000,0x00000000da1f9e60,0x00000000da200000)
  to   space 5120K, 0% used [0x00000000da200000,0x00000000da200000,0x00000000da700000)
 ParOldGen       total 81920K, used 665K [0x0000000087e00000, 0x000000008ce00000, 0x00000000d7f00000)
  object space 81920K, 0% used [0x0000000087e00000,0x0000000087ea66a0,0x000000008ce00000)
 PSPermGen       total 21504K, used 10861K [0x0000000082c00000, 0x0000000084100000, 0x0000000087e00000)
  object space 21504K, 50% used [0x0000000082c00000,0x000000008369b490,0x0000000084100000)
}
Event: 1.800 GC heap before
{Heap before GC invocations=2 (full 0):
 PSYoungGen      total 35840K, used 35815K [0x00000000d7f00000, 0x00000000da700000, 0x0000000100000000)
  eden space 30720K, 100% used [0x00000000d7f00000,0x00000000d9d00000,0x00000000d9d00000)
  from space 5120K, 99% used [0x00000000d9d00000,0x00000000da1f9e60,0x00000000da200000)
  to   space 5120K, 0% used [0x00000000da200000,0x00000000da200000,0x00000000da700000)
 ParOldGen       total 81920K, used 665K [0x0000000087e00000, 0x000000008ce00000, 0x00000000d7f00000)
  object space 81920K, 0% used [0x0000000087e00000,0x0000000087ea66a0,0x000000008ce00000)
 PSPermGen       total 21504K, used 15331K [0x0000000082c00000, 0x0000000084100000, 0x0000000087e00000)
  object space 21504K, 71% used [0x0000000082c00000,0x0000000083af8ff0,0x0000000084100000)
Event: 1.808 GC heap after
Heap after GC invocations=2 (full 0):
 PSYoungGen      total 35840K, used 5100K [0x00000000d7f00000, 0x00000000dc500000, 0x0000000100000000)
  eden space 30720K, 0% used [0x00000000d7f00000,0x00000000d7f00000,0x00000000d9d00000)
  from space 5120K, 99% used [0x00000000da200000,0x00000000da6fb088,0x00000000da700000)
  to   space 5120K, 0% used [0x00000000d9d00000,0x00000000d9d00000,0x00000000da200000)
 ParOldGen       total 81920K, used 3588K [0x0000000087e00000, 0x000000008ce00000, 0x00000000d7f00000)
  object space 81920K, 4% used [0x0000000087e00000,0x0000000088181328,0x000000008ce00000)
 PSPermGen       total 21504K, used 15331K [0x0000000082c00000, 0x0000000084100000, 0x0000000087e00000)
  object space 21504K, 71% used [0x0000000082c00000,0x0000000083af8ff0,0x0000000084100000)
}
Event: 2.169 GC heap before
{Heap before GC invocations=3 (full 0):
 PSYoungGen      total 35840K, used 35820K [0x00000000d7f00000, 0x00000000dc500000, 0x0000000100000000)
  eden space 30720K, 100% used [0x00000000d7f00000,0x00000000d9d00000,0x00000000d9d00000)
  from space 5120K, 99% used [0x00000000da200000,0x00000000da6fb088,0x00000000da700000)
  to   space 5120K, 0% used [0x00000000d9d00000,0x00000000d9d00000,0x00000000da200000)
 ParOldGen       total 81920K, used 3588K [0x0000000087e00000, 0x000000008ce00000, 0x00000000d7f00000)
  object space 81920K, 4% used [0x0000000087e00000,0x0000000088181328,0x000000008ce00000)
 PSPermGen       total 21504K, used 16196K [0x0000000082c00000, 0x0000000084100000, 0x0000000087e00000)
  object space 21504K, 75% used [0x0000000082c00000,0x0000000083bd11e0,0x0000000084100000)
Event: 2.178 GC heap after
Heap after GC invocations=3 (full 0):
 PSYoungGen      total 35840K, used 5104K [0x00000000d7f00000, 0x00000000dc500000, 0x0000000100000000)
  eden space 30720K, 0% used [0x00000000d7f00000,0x00000000d7f00000,0x00000000d9d00000)
  from space 5120K, 99% used [0x00000000d9d00000,0x00000000da1fc3d0,0x00000000da200000)
  to   space 5120K, 0% used [0x00000000dc000000,0x00000000dc000000,0x00000000dc500000)
 ParOldGen       total 81920K, used 7286K [0x0000000087e00000, 0x000000008ce00000, 0x00000000d7f00000)
  object space 81920K, 8% used [0x0000000087e00000,0x000000008851da48,0x000000008ce00000)
 PSPermGen       total 21504K, used 16196K [0x0000000082c00000, 0x0000000084100000, 0x0000000087e00000)
  object space 21504K, 75% used [0x0000000082c00000,0x0000000083bd11e0,0x0000000084100000)
}
Event: 2.523 GC heap before
{Heap before GC invocations=4 (full 0):
 PSYoungGen      total 35840K, used 35824K [0x00000000d7f00000, 0x00000000dc500000, 0x0000000100000000)
  eden space 30720K, 100% used [0x00000000d7f00000,0x00000000d9d00000,0x00000000d9d00000)
  from space 5120K, 99% used [0x00000000d9d00000,0x00000000da1fc3d0,0x00000000da200000)
  to   space 5120K, 0% used [0x00000000dc000000,0x00000000dc000000,0x00000000dc500000)
 ParOldGen       total 81920K, used 7286K [0x0000000087e00000, 0x000000008ce00000, 0x00000000d7f00000)
  object space 81920K, 8% used [0x0000000087e00000,0x000000008851da48,0x000000008ce00000)
 PSPermGen       total 21504K, used 17537K [0x0000000082c00000, 0x0000000084100000, 0x0000000087e00000)
  object space 21504K, 81% used [0x0000000082c00000,0x0000000083d20468,0x0000000084100000)
Event: 2.537 GC heap after
Heap after GC invocations=4 (full 0):
 PSYoungGen      total 66560K, used 5104K [0x00000000d7f00000, 0x00000000dc500000, 0x0000000100000000)
  eden space 61440K, 0% used [0x00000000d7f00000,0x00000000d7f00000,0x00000000dbb00000)
  from space 5120K, 99% used [0x00000000dc000000,0x00000000dc4fc260,0x00000000dc500000)
  to   space 5120K, 0% used [0x00000000dbb00000,0x00000000dbb00000,0x00000000dc000000)
 ParOldGen       total 81920K, used 10135K [0x0000000087e00000, 0x000000008ce00000, 0x00000000d7f00000)
  object space 81920K, 12% used [0x0000000087e00000,0x00000000887e5d28,0x000000008ce00000)
 PSPermGen       total 21504K, used 17537K [0x0000000082c00000, 0x0000000084100000, 0x0000000087e00000)
  object space 21504K, 81% used [0x0000000082c00000,0x0000000083d20468,0x0000000084100000)
}

